<?xml version="1.0" encoding="UTF-8"?>
<!-- Generated by org.testng.reporters.JUnitReportReporter -->
<testsuite skipped="0" hostname="Admin-PC" name="com.TYRmg.Projects.CreateProjectTest" tests="1" failures="0" timestamp="04 Aug 2021 05:28:04 GMT" time="0.002" errors="0">
  <testcase name="createProjectTest" time="0.002" classname="com.TYRmg.Projects.CreateProjectTest"/>
</testsuite> <!-- com.TYRmg.Projects.CreateProjectTest -->
