<?xml version="1.0" encoding="UTF-8"?>
<!-- Generated by org.testng.reporters.JUnitReportReporter -->
<testsuite hostname="Admin-PC" name="practiceNow.CreateThenPut$GetThenPutFirst" tests="1" failures="0" timestamp="3 Aug 2021 01:23:13 GMT" time="6.652" errors="0">
  <testcase name="getThenPutFirst" time="6.652" classname="practiceNow.CreateThenPut$GetThenPutFirst"/>
</testsuite> <!-- practiceNow.CreateThenPut$GetThenPutFirst -->
