<?xml version="1.0" encoding="UTF-8"?>
<!-- Generated by org.testng.reporters.JUnitReportReporter -->
<testsuite hostname="Admin-PC" name="doneProgs.PostnDelete" tests="1" failures="0" timestamp="3 Aug 2021 01:46:07 GMT" time="5.550" errors="0">
  <testcase name="postthendelete" time="5.550" classname="doneProgs.PostnDelete"/>
</testsuite> <!-- doneProgs.PostnDelete -->
