<?xml version="1.0" encoding="UTF-8"?>
<!-- Generated by org.testng.reporters.JUnitReportReporter -->
<testsuite hostname="Admin-PC" name="practiceNow.CreatenDeleteUser" tests="1" failures="0" timestamp="2 Aug 2021 18:40:23 GMT" time="9.390" errors="0">
  <testcase name="testCreateAndDelete" time="9.390" classname="practiceNow.CreatenDeleteUser"/>
</testsuite> <!-- practiceNow.CreatenDeleteUser -->
