<?xml version="1.0" encoding="UTF-8"?>
<!-- Generated by org.testng.reporters.JUnitReportReporter -->
<testsuite hostname="Admin-PC" name="practiceNow.DynamicFindnDelete" tests="1" failures="0" timestamp="3 Aug 2021 05:05:27 GMT" time="9.766" errors="0">
  <testcase name="dynamicResponse" time="9.766" classname="practiceNow.DynamicFindnDelete"/>
</testsuite> <!-- practiceNow.DynamicFindnDelete -->
