<?xml version="1.0" encoding="UTF-8"?>
<!-- Generated by org.testng.reporters.JUnitReportReporter -->
<testsuite hostname="Admin-PC" name="practiceNow.PostGetDeleteTest" tests="1" failures="0" timestamp="2 Aug 2021 18:34:37 GMT" time="6.518" errors="0">
  <testcase name="testPostGetDeleteProject" time="6.518" classname="practiceNow.PostGetDeleteTest"/>
</testsuite> <!-- practiceNow.PostGetDeleteTest -->
