<?xml version="1.0" encoding="UTF-8"?>
<!-- Generated by org.testng.reporters.JUnitReportReporter -->
<testsuite hostname="Admin-PC" name="com.comcast.assignments.CreateThenGetProject" tests="1" failures="0" timestamp="7 Aug 2021 10:05:58 GMT" time="6.836" errors="0">
  <testcase name="RequestChain" time="6.836" classname="com.comcast.assignments.CreateThenGetProject"/>
</testsuite> <!-- com.comcast.assignments.CreateThenGetProject -->
