<?xml version="1.0" encoding="UTF-8"?>
<!-- Generated by org.testng.reporters.JUnitReportReporter -->
<testsuite hostname="Admin-PC" name="doneProgs.PostThenDelete" tests="1" failures="0" timestamp="3 Aug 2021 02:06:46 GMT" time="9.117" errors="0">
  <testcase name="testPostGetDeleteProject" time="9.117" classname="doneProgs.PostThenDelete"/>
</testsuite> <!-- doneProgs.PostThenDelete -->
