<?xml version="1.0" encoding="UTF-8"?>
<!-- Generated by org.testng.reporters.JUnitReportReporter -->
<testsuite hostname="Admin-PC" name="practiceNow.PostGetThenDelete" tests="1" failures="0" timestamp="2 Aug 2021 18:49:00 GMT" time="6.468" errors="0">
  <testcase name="testPostGetDeleteProject" time="6.468" classname="practiceNow.PostGetThenDelete"/>
</testsuite> <!-- practiceNow.PostGetThenDelete -->
