<?xml version="1.0" encoding="UTF-8"?>
<!-- Generated by org.testng.reporters.JUnitReportReporter -->
<testsuite hostname="Admin-PC" name="com.comcast.assignments.CreateThenUpdateProject" tests="1" failures="0" timestamp="7 Aug 2021 10:05:06 GMT" time="8.566" errors="0">
  <testcase name="RequestChain" time="8.566" classname="com.comcast.assignments.CreateThenUpdateProject"/>
</testsuite> <!-- com.comcast.assignments.CreateThenUpdateProject -->
