<?xml version="1.0" encoding="UTF-8"?>
<!-- Generated by org.testng.reporters.JUnitReportReporter -->
<testsuite hostname="Admin-PC" name="practiceNow.GetThenDeleteFirst" tests="1" failures="0" timestamp="2 Aug 2021 18:21:54 GMT" time="4.613" errors="0">
  <testcase name="GetAll" time="4.613" classname="practiceNow.GetThenDeleteFirst"/>
</testsuite> <!-- practiceNow.GetThenDeleteFirst -->
