<?xml version="1.0" encoding="UTF-8"?>
<!-- Generated by org.testng.reporters.JUnitReportReporter -->
<testsuite hostname="Admin-PC" name="practiceNow.CreatenDeleteUser1" tests="1" failures="0" timestamp="3 Aug 2021 01:59:25 GMT" time="6.280" errors="0">
  <testcase name="testCreateAndDelete" time="6.280" classname="practiceNow.CreatenDeleteUser1"/>
</testsuite> <!-- practiceNow.CreatenDeleteUser1 -->
