<?xml version="1.0" encoding="UTF-8"?>
<!-- Generated by org.testng.reporters.JUnitReportReporter -->
<testsuite skipped="0" hostname="Admin-PC" name="com.TYRmg.Projects.Test2" tests="1" failures="0" timestamp="04 Aug 2021 01:24:42 GMT" time="0.001" errors="0">
  <testcase name="test2" time="0.001" classname="com.TYRmg.Projects.Test2"/>
</testsuite> <!-- com.TYRmg.Projects.Test2 -->
