<?xml version="1.0" encoding="UTF-8"?>
<!-- Generated by org.testng.reporters.JUnitReportReporter -->
<testsuite hostname="Admin-PC" name="com.TYRmg.Projects.CreateProjectTest" tests="1" failures="0" timestamp="3 Aug 2021 07:12:12 GMT" time="0.022" errors="0">
  <testcase name="createProjectTest" time="0.022" classname="com.TYRmg.Projects.CreateProjectTest"/>
</testsuite> <!-- com.TYRmg.Projects.CreateProjectTest -->
